build/app/outputs/mapping/release/seeds.txt
com.example.nextgen.MainActivity
com.example.nextgen.MainActivity: MainActivity()
...
kotlin.jvm.internal.FunctionReference: java.lang.String toString()
androidx.window.embedding.ExtensionEmbeddingBackend: androidx.window.embedding.ExtensionEmbeddingBackend$Companion Companion
androidx.window.embedding.EmbeddingCompat: EmbeddingCompat()
androidx.window.layout.SidecarAdapter$Companion: void setSidecarDevicePosture(androidx.window.sidecar.SidecarDeviceState,int)
kotlinx.coroutines.android.AndroidExceptionPreHandler: java.lang.Object _preHandler
androidx.window.java.layout.WindowInfoTrackerCallbackAdapter$addListener$1$1: kotlin.coroutines.Continuation create(java.lang.Object,kotlin.coroutines.Continuation)
androidx.window.embedding.SplitPairRule
androidx.window.layout.ExtensionWindowLayoutInfoBackend$MulticastConsumer
androidx.window.layout.ExtensionWindowLayoutInfoBackend$MulticastConsumer: android.app.Activity activity
io.flutter.embedding.engine.FlutterJNI: void nativeRunBundleAndSnapshotFromLibrary(long,java.lang.String,java.lang.String,java.lang.String,android.content.res.AssetManager,java.util.List)
androidx.window.embedding.SplitRule$Api30Impl: SplitRule$Api30Impl()
androidx.window.embedding.EmbeddingAdapter: java.util.function.Predicate translateParentMetricsPredicate(androidx.window.embedding.SplitRule)
androidx.window.layout.WindowMetricsCalculator: androidx.window.layout.WindowMetricsCalculator$Companion Companion
androidx.window.layout.SidecarCompat$FirstAttachAdapter: java.lang.ref.WeakReference activityWeakReference
kotlin.jvm.internal.CallableReference: java.lang.String getSignature()
kotlin.jvm.internal.CallableReference: kotlin.reflect.KVisibility getVisibility()
androidx.window.embedding.SplitPairRule: androidx.window.embedding.SplitPairRule plus$window_release(androidx.window.embedding.SplitPairFilter)
io.flutter.plugin.platform.SingleViewPresentation: android.view.View$OnFocusChangeListener focusChangeListener
kotlin.coroutines.jvm.internal.BaseContinuationImpl: void resumeWith(java.lang.Object)
androidx.window.layout.WindowLayoutInfo: int hashCode()
androidx.window.core.Bounds: java.lang.String toString()
androidx.window.layout.WindowMetricsCalculator$Companion$reset$1: WindowMetricsCalculator$Companion$reset$1()
androidx.window.layout.EmptyDecorator: androidx.window.layout.EmptyDecorator INSTANCE
kotlinx.coroutines.channels.ArrayChannel: int size
androidx.window.embedding.ActivityFilter: boolean matchesIntent(android.content.Intent)
androidx.window.core.ExperimentalWindowApi
androidx.window.layout.HardwareFoldingFeature$Type
io.flutter.plugin.editing.ImeSyncDeferringInsetsCallback: int overlayInsetTypes
kotlinx.coroutines.DefaultExecutor
io.flutter.embedding.engine.FlutterJNI: void updateSemantics(java.nio.ByteBuffer,java.lang.String[],java.nio.ByteBuffer[])
kotlin.jvm.internal.FunctionReference: FunctionReference(int)
kotlinx.coroutines.JobSupport$addLastAtomic$$inlined$addLastIf$1
androidx.window.layout.WindowInfoTracker$Companion: androidx.window.layout.WindowBackend windowBackend$window_release(android.content.Context)
androidx.window.core.Version: androidx.window.core.Version VERSION_1_0
androidx.window.embedding.EmbeddingAdapter: java.util.List translate(java.util.List)
io.flutter.embedding.android.KeyData$Type: io.flutter.embedding.android.KeyData$Type[] values()
kotlin.jvm.internal.FunctionReference: kotlin.reflect.KFunction getReflected()
io.flutter.plugin.editing.ImeSyncDeferringInsetsCallback: boolean access$300(io.flutter.plugin.editing.ImeSyncDeferringInsetsCallback)
androidx.versionedparcelable.ParcelImpl
io.flutter.embedding.android.FlutterActivityLaunchConfigs$BackgroundMode: io.flutter.embedding.android.FlutterActivityLaunchConfigs$BackgroundMode[] values()
androidx.window.layout.FoldingFeature$Orientation: java.lang.String toString()
io.flutter.plugin.platform.SingleViewPresentation: io.flutter.plugin.platform.SingleViewPresentation$AccessibilityDelegatingFrameLayout rootView
kotlinx.coroutines.DispatchedCoroutine
kotlinx.coroutines.CompletedExceptionally: int _handled