build/app/outputs/mapping/release/mapping.txt
# compiler: R8
# compiler_version: 2.1.62
# min_api: 28
# pg_map_id: 29b3a24
# common_typos_disable
...
io.flutter.embedding.engine.plugins.activity.ActivityAware -> io.flutter.embedding.engine.i.b.a:
    void onDetachedFromActivity() -> a
    void onAttachedToActivity(io.flutter.embedding.engine.plugins.activity.ActivityPluginBinding) -> b
    void onReattachedToActivityForConfigChanges(io.flutter.embedding.engine.plugins.activity.ActivityPluginBinding) -> c
    void onDetachedFromActivityForConfigChanges() -> d
io.flutter.embedding.engine.plugins.activity.ActivityControlSurface -> io.flutter.embedding.engine.i.b.b:
    void onRestoreInstanceState(android.os.Bundle) -> a
    boolean onRequestPermissionsResult(int,java.lang.String[],int[]) -> b
    boolean onActivityResult(int,int,android.content.Intent) -> c
    void onNewIntent(android.content.Intent) -> d
    void onSaveInstanceState(android.os.Bundle) -> e
    void onUserLeaveHint() -> f
    void attachToActivity(io.flutter.embedding.android.ExclusiveAppComponent,androidx.lifecycle.Lifecycle) -> g
    void detachFromActivity() -> h
    void detachFromActivityForConfigChanges() -> i
io.flutter.embedding.engine.plugins.activity.ActivityPluginBinding -> io.flutter.embedding.engine.i.b.c:
io.flutter.embedding.engine.plugins.activity.ActivityPluginBinding$OnSaveInstanceStateListener -> io.flutter.embedding.engine.i.b.c$a:
    void onRestoreInstanceState(android.os.Bundle) -> a
    void onSaveInstanceState(android.os.Bundle) -> e
io.flutter.embedding.engine.plugins.broadcastreceiver.BroadcastReceiverAware -> io.flutter.embedding.engine.i.c.a:
    void onDetachedFromBroadcastReceiver() -> a
io.flutter.embedding.engine.plugins.contentprovider.ContentProviderAware -> io.flutter.embedding.engine.i.d.a:
    void onDetachedFromContentProvider() -> a
io.flutter.embedding.engine.plugins.service.ServiceAware -> io.flutter.embedding.engine.i.e.a:
    void onDetachedFromService() -> a
io.flutter.embedding.engine.plugins.util.GeneratedPluginRegister -> io.flutter.embedding.engine.i.f.a:
    void registerGeneratedPlugins(io.flutter.embedding.engine.FlutterEngine) -> a
io.flutter.embedding.engine.renderer.FlutterRenderer -> io.flutter.embedding.engine.renderer.a:
    io.flutter.embedding.engine.FlutterJNI flutterJNI -> a
    android.os.Handler handler -> e
    java.util.concurrent.atomic.AtomicLong nextTextureId -> b
    io.flutter.embedding.engine.renderer.FlutterUiDisplayListener flutterUiDisplayListener -> g
    android.view.Surface surface -> c
    java.util.Set onTrimMemoryListeners -> f
    boolean isDisplayingFlutterUi -> d
    io.flutter.view.TextureRegistry$SurfaceTextureEntry createSurfaceTexture() -> a
    boolean access$002(io.flutter.embedding.engine.renderer.FlutterRenderer,boolean) -> b
    io.flutter.embedding.engine.FlutterJNI access$300(io.flutter.embedding.engine.renderer.FlutterRenderer) -> c
    void access$500(io.flutter.embedding.engine.renderer.FlutterRenderer,long) -> d
    android.os.Handler access$700(io.flutter.embedding.engine.renderer.FlutterRenderer) -> e
    void addIsDisplayingFlutterUiListener(io.flutter.embedding.engine.renderer.FlutterUiDisplayListener) -> f
    void addOnTrimMemoryListener(io.flutter.view.TextureRegistry$OnTrimMemoryListener) -> g
    void clearDeadListeners() -> h
    void dispatchPointerDataPacket(java.nio.ByteBuffer,int) -> i
    boolean isDisplayingFlutterUi() -> j
    boolean isSoftwareRenderingEnabled() -> k
    void markTextureFrameAvailable(long) -> l
    void onTrimMemory(int) -> m
io.flutter.embedding.engine.renderer.FlutterRenderer$1 -> io.flutter.embedding.engine.renderer.a$a:
    io.flutter.embedding.engine.renderer.FlutterRenderer this$0 -> a
    void onFlutterUiDisplayed() -> c
    void onFlutterUiNoLongerDisplayed() -> e