build/app/outputs/mapping/release/usage.txt
com.example.nextgen.R$drawable
com.example.nextgen.R$style
com.example.nextgen.BuildConfig
com.example.nextgen.R$styleable
com.example.nextgen.R$id
com.example.nextgen.R$dimen
com.example.nextgen.R
com.example.nextgen.R$attr
com.example.nextgen.R$integer
com.example.nextgen.R$mipmap
com.example.nextgen.R$layout
com.example.nextgen.R$string
com.example.nextgen.R$color
...
io.flutter.embedding.android.KeyboardMap$1:
    private static final long serialVersionUID
kotlinx.coroutines.LazyDeferredCoroutine
kotlinx.coroutines.internal.Symbol:
    public final java.lang.String getSymbol()
    public final java.lang.Object unbox(java.lang.Object)
kotlin.Experimental
kotlinx.coroutines.debug.internal.ConcurrentWeakMap$keys$1
kotlin.io.ConsoleKt
androidx.core.content.LocusIdCompat$Api29Impl
androidx.core.util.Pools$Pool
kotlin.io.FilesKt__FileReadWriteKt
androidx.annotation.RequiresPermission
androidx.fragment.app.Fragment:
    public void <init>()
    public void <init>(int)
    private void initLifecycle()
    public static androidx.fragment.app.Fragment instantiate(android.content.Context,java.lang.String)
    public static androidx.fragment.app.Fragment instantiate(android.content.Context,java.lang.String,android.os.Bundle)
    private androidx.fragment.app.Fragment$AnimationInfo ensureAnimationInfo()
    static void <clinit>()
    public androidx.lifecycle.Lifecycle getLifecycle()
    public androidx.lifecycle.LifecycleOwner getViewLifecycleOwner()
    public androidx.lifecycle.LiveData getViewLifecycleOwnerLiveData()
    public androidx.lifecycle.ViewModelStore getViewModelStore()
    public final androidx.savedstate.SavedStateRegistry getSavedStateRegistry()
    final void restoreViewState(android.os.Bundle)
    final boolean isInBackStack()
    public final boolean equals(java.lang.Object)
    public final int hashCode()
    public java.lang.String toString()
    public final int getId()
    public final java.lang.String getTag()
    public void setArguments(android.os.Bundle)
    public final android.os.Bundle getArguments()
    public final android.os.Bundle requireArguments()
    public final boolean isStateSaved()
    public void setInitialSavedState(androidx.fragment.app.Fragment$SavedState)
    public void setTargetFragment(androidx.fragment.app.Fragment,int)
    public final androidx.fragment.app.Fragment getTargetFragment()
kotlinx.coroutines.sync.MutexImpl$TryLockDesc$PrepareOp
kotlin.coroutines.jvm.internal.SuspendFunction
androidx.core.widget.NestedScrollView
kotlin.ReplaceWith
kotlin.LateinitKt
kotlin.io.ByteStreamsKt$iterator$1
kotlin.jvm.internal.Ref$LongRef
kotlin.coroutines.jvm.internal.RunSuspend
kotlinx.coroutines.flow.FlowKt__ReduceKt$first$$inlined$collectWhile$2
io.flutter.embedding.engine.plugins.shim.ShimRegistrar
kotlin.collections.ArrayDeque$Companion
kotlinx.coroutines.flow.FlowKt__TransformKt$filterIsInstance$$inlined$filter$1$2
androidx.collection.LruCache
kotlinx.coroutines.channels.ChannelsKt__DeprecatedKt$distinctBy$1
kotlin.reflect.KMutableProperty2
androidx.customview.R$attr
androidx.lifecycle.FullLifecycleObserverAdapter:
    void <init>(androidx.lifecycle.FullLifecycleObserver,androidx.lifecycle.LifecycleEventObserver)
kotlin.jvm.Strictfp
androidx.core.content.ContentResolverCompat
androidx.lifecycle.viewmodel.R
kotlinx.coroutines.internal.SegmentOrClosed
androidx.lifecycle.ReportFragment
kotlinx.coroutines.selects.UnbiasedSelectBuilderImpl$invoke$3
kotlinx.coroutines.flow.FlowKt__BuildersKt$asFlow$$inlined$unsafeFlow$2
kotlin.collections.ArraysKt___ArraysKt$asSequence$$inlined$Sequence$2
kotlinx.coroutines.flow.FlowKt__ZipKt$combine$1$1
kotlin.collections.builders.ListBuilderKt
kotlin.LazyKt__LazyJVMKt:
    public static final kotlin.Lazy lazy(kotlin.LazyThreadSafetyMode,kotlin.jvm.functions.Function0)
    public static final kotlin.Lazy lazy(java.lang.Object,kotlin.jvm.functions.Function0)
    public void <init>()
androidx.core.view.WindowInsetsCompat$Type$InsetsType
kotlinx.coroutines.channels.ChannelsKt__DeprecatedKt$zip$1
kotlin.random.XorWowRandom
kotlin.collections.ArraysKt___ArraysKt$groupingBy$1
kotlin.jvm.internal.InlineMarker
androidx.activity.R$drawable
io.flutter.plugin.common.EventChannel
kotlin.jvm.internal.TypeParameterReference
kotlinx.coroutines.flow.FlowKt__ErrorsKt$retry$4
kotlin.comparisons.ComparisonsKt__ComparisonsKt$thenComparator$1